mpiP: Found MPIP environment variable [-o -r -y]
mpiP: 
mpiP: mpiP: mpiP V3.4.1 (Build Apr  3 2016/22:10:17)
mpiP: Direct questions and errors to mpip-help@lists.sourceforge.net
mpiP: 
SU3 with improved KS action
Microcanonical simulation with refreshing
MIMD version 7 $Name:  $
Machine = MPI (portable), with 128 processors
R algorithm
Options selected...
Generic single precision
C_GLOBAL_INLINE
DBLSTORE_FN
D_FN_GATHER13
FEWSUMS
PREFETCH
type 0 for no prompts  or 1 for prompts
nflavors1 2
nflavors2 1
nx 16
ny 32
nz 32
nt 32
iseed 5682304
LAYOUT = Hypercubes, options = hyper_prime,
ON EACH NODE 8 x 8 x 8 x 8
Mallocing 4.2 MBytes per node for lattice
Made lattice
Made nn gathers
Made 3nn gathers
Finished setup


warms 0
trajecs 4
traj_between_meas 1
beta 5.6
mass1 0.125
mass2 0.125
u0 0.8441
microcanonical_time_step 0.2
steps_per_trajectory 5
max_cg_iterations 100
max_cg_restarts 5
error_per_site 0.125
error_for_propagator 0.125
fresh 
forget 
unit gauge configuration loaded
CHECK PLAQ: 3.000000e+00 3.000000e+00
CHECK NERSC LINKTR: 1.000000e+00 CKSUM: 0
Unitarity checked.  Max deviation 0.00e+00
Time to check unitarity = 1.655102e-03
Symanzik 1x1 + 1x2 + 1x1x1 action
loop coefficients: nloop rep loop_coeff  multiplicity
                    0 0      1.000000e+00     6
                    1 0      -7.762509e-02     12
                    2 0      -1.031171e-02     16
"O(a^2): couplings(pi)=0, Naik term, No O(a^2) errors, tadpole weights"
path coefficients: npath  path_coeff  multiplicity
                    0      6.250000e-01     8
                    1      -5.847914e-02     8
                    2      -8.771872e-02     48
                    3      3.077829e-02     192
                    4      -7.199552e-03     384
                    5      -1.231132e-01     48
WARMUPS COMPLETED
LLTIME(Fat): time = 1.075552e-01 (Asqtad opt) mflops = 2.347118e+03
LLTIME(long): time =  7.762194e-03 (Naik) mflops = 9.519453e+02
LLTIME(Fat): time = 1.067030e-01 (Asqtad opt) mflops = 2.365862e+03
LLTIME(long): time =  6.093025e-03 (Naik) mflops = 1.212728e+03
LLTIME(Fat): time = 1.043742e-01 (Asqtad opt) mflops = 2.418651e+03
LLTIME(long): time =  6.300926e-03 (Naik) mflops = 1.172714e+03
CONGRAD5: time = 1.889110e-02 (fn F) masses = 1 iters = 5 mflops = 1.286837e+03
CONGRAD5: time = 1.688290e-02 (fn F) masses = 1 iters = 5 mflops = 1.439905e+03
GFTIME:   time = 2.628942e-01 (Symanzik1) mflops = 2.383866e+03
FFTIME:  time = 9.051239e-01 (asqtad3) terms = 2 mflops = 1.963856e+03
LLTIME(Fat): time = 1.092038e-01 (Asqtad opt) mflops = 2.311684e+03
LLTIME(long): time =  6.496906e-03 (Naik) mflops = 1.137339e+03
LLTIME(Fat): time = 1.083481e-01 (Asqtad opt) mflops = 2.329940e+03
LLTIME(long): time =  6.444216e-03 (Naik) mflops = 1.146638e+03
LLTIME(Fat): time = 1.096461e-01 (Asqtad opt) mflops = 2.302359e+03
LLTIME(long): time =  6.525040e-03 (Naik) mflops = 1.132435e+03
CONGRAD5: time = 1.864290e-02 (fn F) masses = 1 iters = 5 mflops = 1.303969e+03
CONGRAD5: time = 1.716089e-02 (fn F) masses = 1 iters = 5 mflops = 1.416579e+03
GFTIME:   time = 2.852490e-01 (Symanzik1) mflops = 2.197043e+03
FFTIME:  time = 8.963702e-01 (asqtad3) terms = 2 mflops = 1.983034e+03
LLTIME(Fat): time = 1.083710e-01 (Asqtad opt) mflops = 2.329448e+03
LLTIME(long): time =  6.402016e-03 (Naik) mflops = 1.154196e+03
LLTIME(Fat): time = 1.082430e-01 (Asqtad opt) mflops = 2.332203e+03
LLTIME(long): time =  6.269217e-03 (Naik) mflops = 1.178646e+03
LLTIME(Fat): time = 1.082342e-01 (Asqtad opt) mflops = 2.332394e+03
LLTIME(long): time =  6.249189e-03 (Naik) mflops = 1.182423e+03
CONGRAD5: time = 1.768613e-02 (fn F) masses = 1 iters = 5 mflops = 1.374510e+03
CONGRAD5: time = 1.719499e-02 (fn F) masses = 1 iters = 5 mflops = 1.413770e+03
GFTIME:   time = 2.812731e-01 (Symanzik1) mflops = 2.228099e+03
FFTIME:  time = 8.969748e-01 (asqtad3) terms = 2 mflops = 1.981698e+03
LLTIME(Fat): time = 1.086900e-01 (Asqtad opt) mflops = 2.322611e+03
LLTIME(long): time =  6.445885e-03 (Naik) mflops = 1.146341e+03
LLTIME(Fat): time = 1.088052e-01 (Asqtad opt) mflops = 2.320153e+03
LLTIME(long): time =  6.286144e-03 (Naik) mflops = 1.175472e+03
LLTIME(Fat): time = 1.085269e-01 (Asqtad opt) mflops = 2.326101e+03
LLTIME(long): time =  6.202936e-03 (Naik) mflops = 1.191240e+03
CONGRAD5: time = 1.754808e-02 (fn F) masses = 1 iters = 5 mflops = 1.385323e+03
CONGRAD5: time = 1.708913e-02 (fn F) masses = 1 iters = 5 mflops = 1.422528e+03
GFTIME:   time = 2.827179e-01 (Symanzik1) mflops = 2.216712e+03
FFTIME:  time = 8.972700e-01 (asqtad3) terms = 2 mflops = 1.981046e+03
LLTIME(Fat): time = 1.086020e-01 (Asqtad opt) mflops = 2.324493e+03
LLTIME(long): time =  6.510973e-03 (Naik) mflops = 1.134882e+03
LLTIME(Fat): time = 1.108608e-01 (Asqtad opt) mflops = 2.277131e+03
LLTIME(long): time =  6.311893e-03 (Naik) mflops = 1.170676e+03
LLTIME(Fat): time = 1.084859e-01 (Asqtad opt) mflops = 2.326981e+03
LLTIME(long): time =  6.329060e-03 (Naik) mflops = 1.167501e+03
CONGRAD5: time = 1.844001e-02 (fn F) masses = 1 iters = 5 mflops = 1.318316e+03
CONGRAD5: time = 1.695800e-02 (fn F) masses = 1 iters = 5 mflops = 1.433528e+03
GFTIME:   time = 2.827790e-01 (Symanzik1) mflops = 2.216234e+03
FFTIME:  time = 2.471427e+00 (asqtad3) terms = 2 mflops = 7.192334e+02
PLAQ:	2.348562	2.348447
P_LOOP:	-3.975367e-04	-2.428690e-03
GACTION: 2.573145e+00
LLTIME(Fat): time = 2.258220e-01 (Asqtad opt) mflops = 1.117892e+03
LLTIME(long): time =  1.485991e-02 (Naik) mflops = 4.972561e+02
CONGRAD5: time = 3.604078e-02 (fn F) masses = 1 iters = 5 mflops = 6.745070e+02
CONGRAD5: time = 3.584909e-02 (fn F) masses = 1 iters = 7 mflops = 9.493591e+02
PBP: mass 1.250000e-01     6.974651e-02  9.306332e-02  5.968633e-04  7.839413e-04 ( 1 of 1 )
FACTION: mass = 1.250000e-01,  1.463524e+00 ( 1 of 1 )
CONGRAD5: time = 3.352594e-02 (fn F) masses = 1 iters = 5 mflops = 7.251029e+02
CONGRAD5: time = 5.233121e-02 (fn F) masses = 1 iters = 7 mflops = 6.503512e+02
PBP: mass 1.250000e-01     6.966657e-02  9.351633e-02  -2.406164e-04  -2.949440e-04 ( 1 of 1 )
FACTION: mass = 1.250000e-01,  1.464532e+00 ( 1 of 1 )
LLTIME(Fat): time = 1.435511e-01 (Asqtad opt) mflops = 1.758570e+03
LLTIME(long): time =  8.202076e-03 (Naik) mflops = 9.008919e+02
LLTIME(Fat): time = 1.954780e-01 (Asqtad opt) mflops = 1.291423e+03
LLTIME(long): time =  6.067038e-03 (Naik) mflops = 1.217923e+03
LLTIME(Fat): time = 2.282221e-01 (Asqtad opt) mflops = 1.106136e+03
LLTIME(long): time =  7.353067e-03 (Naik) mflops = 1.004912e+03
CONGRAD5: time = 1.726389e-02 (fn F) masses = 1 iters = 5 mflops = 1.408128e+03
CONGRAD5: time = 1.703906e-02 (fn F) masses = 1 iters = 5 mflops = 1.426708e+03
GFTIME:   time = 2.941420e-01 (Symanzik1) mflops = 2.130618e+03
FFTIME:  time = 8.937399e-01 (asqtad3) terms = 2 mflops = 1.988870e+03
LLTIME(Fat): time = 1.098800e-01 (Asqtad opt) mflops = 2.297458e+03
LLTIME(long): time =  6.340027e-03 (Naik) mflops = 1.165481e+03
LLTIME(Fat): time = 1.080880e-01 (Asqtad opt) mflops = 2.335547e+03
LLTIME(long): time =  6.422997e-03 (Naik) mflops = 1.150426e+03
LLTIME(Fat): time = 1.081400e-01 (Asqtad opt) mflops = 2.334425e+03
LLTIME(long): time =  6.307125e-03 (Naik) mflops = 1.171561e+03
CONGRAD5: time = 2.070785e-02 (fn F) masses = 1 iters = 6 mflops = 1.408728e+03
CONGRAD5: time = 1.691914e-02 (fn F) masses = 1 iters = 5 mflops = 1.436820e+03
GFTIME:   time = 2.783809e-01 (Symanzik1) mflops = 2.251248e+03
FFTIME:  time = 8.938940e-01 (asqtad3) terms = 2 mflops = 1.988528e+03
LLTIME(Fat): time = 1.088688e-01 (Asqtad opt) mflops = 2.318796e+03
LLTIME(long): time =  6.415844e-03 (Naik) mflops = 1.151709e+03
LLTIME(Fat): time = 1.078961e-01 (Asqtad opt) mflops = 2.339702e+03
LLTIME(long): time =  6.019115e-03 (Naik) mflops = 1.227620e+03
LLTIME(Fat): time = 1.078680e-01 (Asqtad opt) mflops = 2.340312e+03
LLTIME(long): time =  6.281137e-03 (Naik) mflops = 1.176409e+03
CONGRAD5: time = 2.106714e-02 (fn F) masses = 1 iters = 6 mflops = 1.384702e+03
CONGRAD5: time = 2.005315e-02 (fn F) masses = 1 iters = 6 mflops = 1.454720e+03
GFTIME:   time = 2.783990e-01 (Symanzik1) mflops = 2.251101e+03
FFTIME:  time = 1.654281e+00 (asqtad3) terms = 2 mflops = 1.074505e+03
LLTIME(Fat): time = 2.315559e-01 (Asqtad opt) mflops = 1.090210e+03
LLTIME(long): time =  6.789923e-03 (Naik) mflops = 1.088257e+03
LLTIME(Fat): time = 2.401052e-01 (Asqtad opt) mflops = 1.051392e+03
LLTIME(long): time =  9.838104e-03 (Naik) mflops = 7.510780e+02
LLTIME(Fat): time = 2.756801e-01 (Asqtad opt) mflops = 9.157161e+02
LLTIME(long): time =  3.793216e-02 (Naik) mflops = 1.948000e+02
CONGRAD5: time = 4.726481e-02 (fn F) masses = 1 iters = 6 mflops = 6.171972e+02
CONGRAD5: time = 3.228092e-02 (fn F) masses = 1 iters = 6 mflops = 9.036827e+02
GFTIME:   time = 5.779779e-01 (Symanzik1) mflops = 1.084305e+03
FFTIME:  time = 1.202941e+00 (asqtad3) terms = 2 mflops = 1.477656e+03
LLTIME(Fat): time = 1.082351e-01 (Asqtad opt) mflops = 2.332373e+03
LLTIME(long): time =  6.234169e-03 (Naik) mflops = 1.185272e+03
LLTIME(Fat): time = 1.076732e-01 (Asqtad opt) mflops = 2.344546e+03
LLTIME(long): time =  5.938053e-03 (Naik) mflops = 1.244378e+03
LLTIME(Fat): time = 1.091189e-01 (Asqtad opt) mflops = 2.313482e+03
LLTIME(long): time =  6.330967e-03 (Naik) mflops = 1.167149e+03
CONGRAD5: time = 2.076483e-02 (fn F) masses = 1 iters = 6 mflops = 1.404862e+03
CONGRAD5: time = 1.699209e-02 (fn F) masses = 1 iters = 5 mflops = 1.430651e+03
GFTIME:   time = 2.795651e-01 (Symanzik1) mflops = 2.241712e+03
FFTIME:  time = 8.966291e-01 (asqtad3) terms = 2 mflops = 1.982462e+03
PLAQ:	2.014028	2.014635
P_LOOP:	-9.802158e-05	1.297901e-03
GACTION: 4.060374e+00
LLTIME(Fat): time = 1.078942e-01 (Asqtad opt) mflops = 2.339743e+03
LLTIME(long): time =  6.178141e-03 (Naik) mflops = 1.196021e+03
CONGRAD5: time = 1.754117e-02 (fn F) masses = 1 iters = 5 mflops = 1.385869e+03
CONGRAD5: time = 2.336097e-02 (fn F) masses = 1 iters = 7 mflops = 1.456860e+03
PBP: mass 1.250000e-01     8.540783e-02  1.612493e-01  -8.473925e-04  -7.553791e-04 ( 1 of 1 )
FACTION: mass = 1.250000e-01,  1.441818e+00 ( 1 of 1 )
CONGRAD5: time = 1.726007e-02 (fn F) masses = 1 iters = 5 mflops = 1.408439e+03
CONGRAD5: time = 2.344012e-02 (fn F) masses = 1 iters = 7 mflops = 1.451941e+03
PBP: mass 1.250000e-01     8.491591e-02  1.626966e-01  -5.255744e-04  -8.441677e-04 ( 1 of 1 )
FACTION: mass = 1.250000e-01,  1.441907e+00 ( 1 of 1 )
LLTIME(Fat): time = 1.082571e-01 (Asqtad opt) mflops = 2.331900e+03
LLTIME(long): time =  6.335020e-03 (Naik) mflops = 1.166403e+03
LLTIME(Fat): time = 1.082990e-01 (Asqtad opt) mflops = 2.330997e+03
LLTIME(long): time =  5.975962e-03 (Naik) mflops = 1.236485e+03
LLTIME(Fat): time = 1.082141e-01 (Asqtad opt) mflops = 2.332825e+03
LLTIME(long): time =  6.489992e-03 (Naik) mflops = 1.138551e+03
CONGRAD5: time = 2.030396e-02 (fn F) masses = 1 iters = 6 mflops = 1.436750e+03
CONGRAD5: time = 1.709795e-02 (fn F) masses = 1 iters = 5 mflops = 1.421794e+03
GFTIME:   time = 2.844300e-01 (Symanzik1) mflops = 2.203369e+03
FFTIME:  time = 9.001570e-01 (asqtad3) terms = 2 mflops = 1.974692e+03
LLTIME(Fat): time = 1.086311e-01 (Asqtad opt) mflops = 2.323870e+03
LLTIME(long): time =  6.406069e-03 (Naik) mflops = 1.153466e+03
LLTIME(Fat): time = 1.088440e-01 (Asqtad opt) mflops = 2.319325e+03
LLTIME(long): time =  6.294012e-03 (Naik) mflops = 1.174002e+03
LLTIME(Fat): time = 1.087000e-01 (Asqtad opt) mflops = 2.322397e+03
LLTIME(long): time =  6.303072e-03 (Naik) mflops = 1.172315e+03
CONGRAD5: time = 2.093887e-02 (fn F) masses = 1 iters = 6 mflops = 1.393184e+03
CONGRAD5: time = 2.023196e-02 (fn F) masses = 1 iters = 6 mflops = 1.441863e+03
GFTIME:   time = 2.825391e-01 (Symanzik1) mflops = 2.218115e+03
FFTIME:  time = 8.966119e-01 (asqtad3) terms = 2 mflops = 1.982500e+03
LLTIME(Fat): time = 1.094091e-01 (Asqtad opt) mflops = 2.307346e+03
LLTIME(long): time =  6.508827e-03 (Naik) mflops = 1.135256e+03
LLTIME(Fat): time = 1.079240e-01 (Asqtad opt) mflops = 2.339097e+03
LLTIME(long): time =  6.341934e-03 (Naik) mflops = 1.165131e+03
LLTIME(Fat): time = 1.081820e-01 (Asqtad opt) mflops = 2.333519e+03
LLTIME(long): time =  6.211996e-03 (Naik) mflops = 1.189502e+03
CONGRAD5: time = 2.076197e-02 (fn F) masses = 1 iters = 6 mflops = 1.405055e+03
CONGRAD5: time = 2.023602e-02 (fn F) masses = 1 iters = 6 mflops = 1.441574e+03
GFTIME:   time = 2.822070e-01 (Symanzik1) mflops = 2.220726e+03
FFTIME:  time = 8.964341e-01 (asqtad3) terms = 2 mflops = 1.982893e+03
LLTIME(Fat): time = 1.086700e-01 (Asqtad opt) mflops = 2.323039e+03
LLTIME(long): time =  6.344080e-03 (Naik) mflops = 1.164737e+03
LLTIME(Fat): time = 1.079650e-01 (Asqtad opt) mflops = 2.338209e+03
LLTIME(long): time =  6.447077e-03 (Naik) mflops = 1.146129e+03
LLTIME(Fat): time = 1.077600e-01 (Asqtad opt) mflops = 2.342658e+03
LLTIME(long): time =  6.233931e-03 (Naik) mflops = 1.185317e+03
CONGRAD5: time = 2.074599e-02 (fn F) masses = 1 iters = 6 mflops = 1.406137e+03
CONGRAD5: time = 2.009916e-02 (fn F) masses = 1 iters = 6 mflops = 1.451389e+03
GFTIME:   time = 2.791672e-01 (Symanzik1) mflops = 2.244907e+03
FFTIME:  time = 8.966961e-01 (asqtad3) terms = 2 mflops = 1.982314e+03
LLTIME(Fat): time = 1.084569e-01 (Asqtad opt) mflops = 2.327605e+03
LLTIME(long): time =  6.433010e-03 (Naik) mflops = 1.148636e+03
LLTIME(Fat): time = 1.090760e-01 (Asqtad opt) mflops = 2.314392e+03
LLTIME(long): time =  6.407022e-03 (Naik) mflops = 1.153295e+03
LLTIME(Fat): time = 1.084800e-01 (Asqtad opt) mflops = 2.327108e+03
LLTIME(long): time =  6.393909e-03 (Naik) mflops = 1.155660e+03
CONGRAD5: time = 2.130008e-02 (fn F) masses = 1 iters = 6 mflops = 1.369559e+03
CONGRAD5: time = 2.026796e-02 (fn F) masses = 1 iters = 6 mflops = 1.439302e+03
GFTIME:   time = 2.792261e-01 (Symanzik1) mflops = 2.244434e+03
FFTIME:  time = 8.974452e-01 (asqtad3) terms = 2 mflops = 1.980659e+03
PLAQ:	1.793193	1.794704
P_LOOP:	-3.522421e-03	1.977947e-03
GACTION: 5.079141e+00
LLTIME(Fat): time = 1.079109e-01 (Asqtad opt) mflops = 2.339381e+03
LLTIME(long): time =  6.251812e-03 (Naik) mflops = 1.181927e+03
CONGRAD5: time = 2.030206e-02 (fn F) masses = 1 iters = 6 mflops = 1.436885e+03
CONGRAD5: time = 2.339697e-02 (fn F) masses = 1 iters = 7 mflops = 1.454619e+03
PBP: mass 1.250000e-01     1.085472e-01  2.938474e-01  -3.067771e-04  -1.473751e-04 ( 1 of 1 )
FACTION: mass = 1.250000e-01,  1.451522e+00 ( 1 of 1 )
CONGRAD5: time = 2.005816e-02 (fn F) masses = 1 iters = 6 mflops = 1.454357e+03
CONGRAD5: time = 2.352715e-02 (fn F) masses = 1 iters = 7 mflops = 1.446570e+03
PBP: mass 1.250000e-01     1.103592e-01  2.931216e-01  7.879733e-04  1.253584e-03 ( 1 of 1 )
FACTION: mass = 1.250000e-01,  1.456665e+00 ( 1 of 1 )
LLTIME(Fat): time = 1.087890e-01 (Asqtad opt) mflops = 2.320499e+03
LLTIME(long): time =  6.004095e-03 (Naik) mflops = 1.230691e+03
LLTIME(Fat): time = 1.087480e-01 (Asqtad opt) mflops = 2.321374e+03
LLTIME(long): time =  6.268024e-03 (Naik) mflops = 1.178870e+03
LLTIME(Fat): time = 1.084220e-01 (Asqtad opt) mflops = 2.328352e+03
LLTIME(long): time =  5.855799e-03 (Naik) mflops = 1.261858e+03
CONGRAD5: time = 2.090812e-02 (fn F) masses = 1 iters = 6 mflops = 1.395234e+03
CONGRAD5: time = 2.021289e-02 (fn F) masses = 1 iters = 6 mflops = 1.443223e+03
GFTIME:   time = 2.805021e-01 (Symanzik1) mflops = 2.234224e+03
FFTIME:  time = 8.960989e-01 (asqtad3) terms = 2 mflops = 1.983635e+03
LLTIME(Fat): time = 1.090629e-01 (Asqtad opt) mflops = 2.314670e+03
LLTIME(long): time =  6.283045e-03 (Naik) mflops = 1.176051e+03
LLTIME(Fat): time = 1.082880e-01 (Asqtad opt) mflops = 2.331233e+03
LLTIME(long): time =  6.499052e-03 (Naik) mflops = 1.136963e+03
LLTIME(Fat): time = 1.129611e-01 (Asqtad opt) mflops = 2.234794e+03
LLTIME(long): time =  6.398916e-03 (Naik) mflops = 1.154756e+03
CONGRAD5: time = 2.082014e-02 (fn F) masses = 1 iters = 6 mflops = 1.401129e+03
CONGRAD5: time = 2.011800e-02 (fn F) masses = 1 iters = 6 mflops = 1.450031e+03
GFTIME:   time = 2.850499e-01 (Symanzik1) mflops = 2.198578e+03
FFTIME:  time = 8.994250e-01 (asqtad3) terms = 2 mflops = 1.976299e+03
LLTIME(Fat): time = 1.096330e-01 (Asqtad opt) mflops = 2.302635e+03
LLTIME(long): time =  6.051064e-03 (Naik) mflops = 1.221138e+03
LLTIME(Fat): time = 1.115949e-01 (Asqtad opt) mflops = 2.262152e+03
LLTIME(long): time =  6.313086e-03 (Naik) mflops = 1.170455e+03
LLTIME(Fat): time = 1.093519e-01 (Asqtad opt) mflops = 2.308554e+03
LLTIME(long): time =  6.431103e-03 (Naik) mflops = 1.148976e+03
CONGRAD5: time = 2.089500e-02 (fn F) masses = 1 iters = 6 mflops = 1.396109e+03
CONGRAD5: time = 2.020597e-02 (fn F) masses = 1 iters = 6 mflops = 1.443717e+03
GFTIME:   time = 2.794540e-01 (Symanzik1) mflops = 2.242603e+03
FFTIME:  time = 8.962381e-01 (asqtad3) terms = 2 mflops = 1.983327e+03
LLTIME(Fat): time = 1.089690e-01 (Asqtad opt) mflops = 2.316666e+03
LLTIME(long): time =  6.360054e-03 (Naik) mflops = 1.161812e+03
LLTIME(Fat): time = 1.087081e-01 (Asqtad opt) mflops = 2.322224e+03
LLTIME(long): time =  6.149054e-03 (Naik) mflops = 1.201678e+03
LLTIME(Fat): time = 1.083651e-01 (Asqtad opt) mflops = 2.329576e+03
LLTIME(long): time =  6.365061e-03 (Naik) mflops = 1.160898e+03
CONGRAD5: time = 2.083492e-02 (fn F) masses = 1 iters = 6 mflops = 1.400135e+03
CONGRAD5: time = 2.027702e-02 (fn F) masses = 1 iters = 6 mflops = 1.438659e+03
GFTIME:   time = 2.793691e-01 (Symanzik1) mflops = 2.243284e+03
FFTIME:  time = 9.021401e-01 (asqtad3) terms = 2 mflops = 1.970351e+03
LLTIME(Fat): time = 1.082141e-01 (Asqtad opt) mflops = 2.332825e+03
LLTIME(long): time =  6.077766e-03 (Naik) mflops = 1.215773e+03
LLTIME(Fat): time = 1.082540e-01 (Asqtad opt) mflops = 2.331967e+03
LLTIME(long): time =  6.289005e-03 (Naik) mflops = 1.174937e+03
LLTIME(Fat): time = 1.077971e-01 (Asqtad opt) mflops = 2.341849e+03
LLTIME(long): time =  6.236076e-03 (Naik) mflops = 1.184909e+03
CONGRAD5: time = 2.114892e-02 (fn F) masses = 1 iters = 6 mflops = 1.379348e+03
CONGRAD5: time = 2.023697e-02 (fn F) masses = 1 iters = 6 mflops = 1.441506e+03
GFTIME:   time = 2.778080e-01 (Symanzik1) mflops = 2.255891e+03
FFTIME:  time = 8.968749e-01 (asqtad3) terms = 2 mflops = 1.981918e+03
PLAQ:	1.645888	1.647214
P_LOOP:	-1.447045e-02	-3.875686e-03
GACTION: 5.774318e+00
LLTIME(Fat): time = 1.081121e-01 (Asqtad opt) mflops = 2.335027e+03
LLTIME(long): time =  6.400108e-03 (Naik) mflops = 1.154540e+03
CONGRAD5: time = 2.094889e-02 (fn F) masses = 1 iters = 6 mflops = 1.392518e+03
CONGRAD5: time = 2.661610e-02 (fn F) masses = 1 iters = 8 mflops = 1.461357e+03
PBP: mass 1.250000e-01     1.239724e-01  3.177227e-01  3.004999e-04  -2.872619e-04 ( 1 of 1 )
FACTION: mass = 1.250000e-01,  1.438086e+00 ( 1 of 1 )
CONGRAD5: time = 2.062798e-02 (fn F) masses = 1 iters = 6 mflops = 1.414182e+03
CONGRAD5: time = 2.647996e-02 (fn F) masses = 1 iters = 8 mflops = 1.468870e+03
PBP: mass 1.250000e-01     1.263109e-01  3.102214e-01  6.007459e-04  8.317603e-04 ( 1 of 1 )
FACTION: mass = 1.250000e-01,  1.437377e+00 ( 1 of 1 )
RUNNING COMPLETED
average cg iters for step= 1.100000e+01
total_iters = 327
INIT_TIME   37.805 secs


warms 0
trajecs 4
traj_between_meas 1
beta 5.6
mass1 0.01
mass2 0.01
u0 0.8441
microcanonical_time_step 0.02
steps_per_trajectory 15
max_cg_iterations 300
max_cg_restarts 5
error_per_site 1e-05
error_for_propagator 1e-05
continue 
forget 
CHECK PLAQ: 1.645888e+00 1.647214e+00
CHECK NERSC LINKTR: 1.704821e-01 CKSUM: 4ea5bfa3
Unitarity checked.  Max deviation 2.98e-07
Time to check unitarity = 1.674891e-03
Symanzik 1x1 + 1x2 + 1x1x1 action
loop coefficients: nloop rep loop_coeff  multiplicity
                    0 0      1.000000e+00     6
                    1 0      -7.762509e-02     12
                    2 0      -1.031171e-02     16
"O(a^2): couplings(pi)=0, Naik term, No O(a^2) errors, tadpole weights"
path coefficients: npath  path_coeff  multiplicity
                    0      6.250000e-01     8
                    1      -5.847914e-02     8
                    2      -8.771872e-02     48
                    3      3.077829e-02     192
                    4      -7.199552e-03     384
                    5      -1.231132e-01     48
WARMUPS COMPLETED
LLTIME(Fat): time = 1.080091e-01 (Asqtad opt) mflops = 2.337254e+03
LLTIME(long): time =  6.466150e-03 (Naik) mflops = 1.142749e+03
LLTIME(Fat): time = 1.076329e-01 (Asqtad opt) mflops = 2.345423e+03
LLTIME(long): time =  6.456137e-03 (Naik) mflops = 1.144521e+03
LLTIME(Fat): time = 1.087611e-01 (Asqtad opt) mflops = 2.321094e+03
LLTIME(long): time =  6.323814e-03 (Naik) mflops = 1.168469e+03
CONGRAD5: time = 1.552768e+00 (fn F) masses = 1 iters = 499 mflops = 1.562445e+03
CONGRAD5: time = 1.443032e+00 (fn F) masses = 1 iters = 464 mflops = 1.563337e+03
GFTIME:   time = 2.795799e-01 (Symanzik1) mflops = 2.241593e+03
FFTIME:  time = 9.035211e-01 (asqtad3) terms = 2 mflops = 1.967340e+03
LLTIME(Fat): time = 1.094720e-01 (Asqtad opt) mflops = 2.306020e+03
LLTIME(long): time =  6.201982e-03 (Naik) mflops = 1.191423e+03
LLTIME(Fat): time = 1.092701e-01 (Asqtad opt) mflops = 2.310281e+03
LLTIME(long): time =  6.366014e-03 (Naik) mflops = 1.160724e+03
LLTIME(Fat): time = 1.106949e-01 (Asqtad opt) mflops = 2.280545e+03
LLTIME(long): time =  6.420851e-03 (Naik) mflops = 1.150811e+03
CONGRAD5: time = 1.512083e+00 (fn F) masses = 1 iters = 486 mflops = 1.562684e+03
CONGRAD5: time = 1.437536e+00 (fn F) masses = 1 iters = 464 mflops = 1.569314e+03
GFTIME:   time = 2.816389e-01 (Symanzik1) mflops = 2.225206e+03
FFTIME:  time = 8.964300e-01 (asqtad3) terms = 2 mflops = 1.982902e+03
LLTIME(Fat): time = 1.086199e-01 (Asqtad opt) mflops = 2.324110e+03
LLTIME(long): time =  6.289959e-03 (Naik) mflops = 1.174759e+03
LLTIME(Fat): time = 1.080370e-01 (Asqtad opt) mflops = 2.336650e+03
LLTIME(long): time =  6.358862e-03 (Naik) mflops = 1.162029e+03
LLTIME(Fat): time = 1.080220e-01 (Asqtad opt) mflops = 2.336975e+03
LLTIME(long): time =  6.397963e-03 (Naik) mflops = 1.154928e+03
CONGRAD5: time = 1.554468e+00 (fn F) masses = 1 iters = 497 mflops = 1.554480e+03
CONGRAD5: time = 1.609406e+00 (fn F) masses = 1 iters = 517 mflops = 1.561837e+03
GFTIME:   time = 2.835960e-01 (Symanzik1) mflops = 2.209849e+03
FFTIME:  time = 8.942039e-01 (asqtad3) terms = 2 mflops = 1.987838e+03
LLTIME(Fat): time = 1.098919e-01 (Asqtad opt) mflops = 2.297209e+03
LLTIME(long): time =  6.293774e-03 (Naik) mflops = 1.174047e+03
LLTIME(Fat): time = 1.084909e-01 (Asqtad opt) mflops = 2.326873e+03
LLTIME(long): time =  6.487131e-03 (Naik) mflops = 1.139053e+03
LLTIME(Fat): time = 1.100512e-01 (Asqtad opt) mflops = 2.293885e+03
LLTIME(long): time =  6.082058e-03 (Naik) mflops = 1.214915e+03
CONGRAD5: time = 1.615878e+00 (fn F) masses = 1 iters = 515 mflops = 1.549563e+03
CONGRAD5: time = 1.368638e+00 (fn F) masses = 1 iters = 440 mflops = 1.563057e+03
GFTIME:   time = 2.815681e-01 (Symanzik1) mflops = 2.225765e+03
FFTIME:  time = 8.970981e-01 (asqtad3) terms = 2 mflops = 1.981425e+03
LLTIME(Fat): time = 1.092792e-01 (Asqtad opt) mflops = 2.310090e+03
LLTIME(long): time =  6.306887e-03 (Naik) mflops = 1.171606e+03
LLTIME(Fat): time = 1.102891e-01 (Asqtad opt) mflops = 2.288936e+03
LLTIME(long): time =  6.366014e-03 (Naik) mflops = 1.160724e+03
LLTIME(Fat): time = 1.087341e-01 (Asqtad opt) mflops = 2.321669e+03
LLTIME(long): time =  6.369114e-03 (Naik) mflops = 1.160159e+03
CONGRAD5: time = 1.654626e+00 (fn F) masses = 1 iters = 533 mflops = 1.566167e+03
CONGRAD5: time = 1.654401e+00 (fn F) masses = 1 iters = 529 mflops = 1.554625e+03
GFTIME:   time = 2.830200e-01 (Symanzik1) mflops = 2.214346e+03
FFTIME:  time = 8.995371e-01 (asqtad3) terms = 2 mflops = 1.976053e+03
LLTIME(Fat): time = 1.088369e-01 (Asqtad opt) mflops = 2.319477e+03
LLTIME(long): time =  6.574869e-03 (Naik) mflops = 1.123853e+03
LLTIME(Fat): time = 1.082430e-01 (Asqtad opt) mflops = 2.332203e+03
LLTIME(long): time =  6.138802e-03 (Naik) mflops = 1.203685e+03
LLTIME(Fat): time = 1.098971e-01 (Asqtad opt) mflops = 2.297100e+03
LLTIME(long): time =  6.303072e-03 (Naik) mflops = 1.172315e+03
CONGRAD5: time = 1.683250e+00 (fn F) masses = 1 iters = 538 mflops = 1.553976e+03
CONGRAD5: time = 1.646170e+00 (fn F) masses = 1 iters = 527 mflops = 1.556491e+03
GFTIME:   time = 2.778940e-01 (Symanzik1) mflops = 2.255192e+03
FFTIME:  time = 8.975451e-01 (asqtad3) terms = 2 mflops = 1.980439e+03
LLTIME(Fat): time = 1.102710e-01 (Asqtad opt) mflops = 2.289312e+03
LLTIME(long): time =  6.165981e-03 (Naik) mflops = 1.198379e+03
LLTIME(Fat): time = 1.086192e-01 (Asqtad opt) mflops = 2.324125e+03
LLTIME(long): time =  6.384134e-03 (Naik) mflops = 1.157429e+03
LLTIME(Fat): time = 1.086512e-01 (Asqtad opt) mflops = 2.323442e+03
LLTIME(long): time =  6.319046e-03 (Naik) mflops = 1.169351e+03
CONGRAD5: time = 1.466941e+00 (fn F) masses = 1 iters = 472 mflops = 1.564372e+03
CONGRAD5: time = 1.588722e+00 (fn F) masses = 1 iters = 511 mflops = 1.563809e+03
GFTIME:   time = 2.802720e-01 (Symanzik1) mflops = 2.236058e+03
FFTIME:  time = 8.966908e-01 (asqtad3) terms = 2 mflops = 1.982325e+03
LLTIME(Fat): time = 1.089361e-01 (Asqtad opt) mflops = 2.317365e+03
LLTIME(long): time =  6.356955e-03 (Naik) mflops = 1.162378e+03
LLTIME(Fat): time = 1.082940e-01 (Asqtad opt) mflops = 2.331105e+03
LLTIME(long): time =  5.903006e-03 (Naik) mflops = 1.251766e+03
LLTIME(Fat): time = 1.081810e-01 (Asqtad opt) mflops = 2.333540e+03
LLTIME(long): time =  6.020069e-03 (Naik) mflops = 1.227425e+03
CONGRAD5: time = 1.561038e+00 (fn F) masses = 1 iters = 499 mflops = 1.554167e+03
CONGRAD5: time = 1.673897e+00 (fn F) masses = 1 iters = 537 mflops = 1.559754e+03
GFTIME:   time = 2.798340e-01 (Symanzik1) mflops = 2.239557e+03
FFTIME:  time = 8.972569e-01 (asqtad3) terms = 2 mflops = 1.981075e+03
LLTIME(Fat): time = 1.095660e-01 (Asqtad opt) mflops = 2.304043e+03
LLTIME(long): time =  6.382942e-03 (Naik) mflops = 1.157645e+03
LLTIME(Fat): time = 1.084790e-01 (Asqtad opt) mflops = 2.327129e+03
LLTIME(long): time =  6.283045e-03 (Naik) mflops = 1.176051e+03
LLTIME(Fat): time = 1.087868e-01 (Asqtad opt) mflops = 2.320545e+03
LLTIME(long): time =  6.163836e-03 (Naik) mflops = 1.198796e+03
CONGRAD5: time = 1.749642e+00 (fn F) masses = 1 iters = 563 mflops = 1.564479e+03
CONGRAD5: time = 1.768275e+00 (fn F) masses = 1 iters = 570 mflops = 1.567241e+03
GFTIME:   time = 2.798541e-01 (Symanzik1) mflops = 2.239397e+03
FFTIME:  time = 8.967869e-01 (asqtad3) terms = 2 mflops = 1.982113e+03
LLTIME(Fat): time = 1.091251e-01 (Asqtad opt) mflops = 2.313350e+03
LLTIME(long): time =  6.390810e-03 (Naik) mflops = 1.156220e+03
LLTIME(Fat): time = 1.089950e-01 (Asqtad opt) mflops = 2.316113e+03
LLTIME(long): time =  6.021976e-03 (Naik) mflops = 1.227036e+03
LLTIME(Fat): time = 1.087019e-01 (Asqtad opt) mflops = 2.322357e+03
LLTIME(long): time =  6.193876e-03 (Naik) mflops = 1.192982e+03
CONGRAD5: time = 1.779042e+00 (fn F) masses = 1 iters = 573 mflops = 1.565954e+03
CONGRAD5: time = 1.813424e+00 (fn F) masses = 1 iters = 584 mflops = 1.565756e+03
GFTIME:   time = 2.824249e-01 (Symanzik1) mflops = 2.219012e+03
FFTIME:  time = 8.976080e-01 (asqtad3) terms = 2 mflops = 1.980300e+03
LLTIME(Fat): time = 1.085899e-01 (Asqtad opt) mflops = 2.324753e+03
LLTIME(long): time =  6.323814e-03 (Naik) mflops = 1.168469e+03
LLTIME(Fat): time = 1.085210e-01 (Asqtad opt) mflops = 2.326229e+03
LLTIME(long): time =  6.320953e-03 (Naik) mflops = 1.168998e+03
LLTIME(Fat): time = 1.084430e-01 (Asqtad opt) mflops = 2.327901e+03
LLTIME(long): time =  6.479979e-03 (Naik) mflops = 1.140310e+03
CONGRAD5: time = 1.781085e+00 (fn F) masses = 1 iters = 573 mflops = 1.564158e+03
CONGRAD5: time = 1.817572e+00 (fn F) masses = 1 iters = 582 mflops = 1.556833e+03
GFTIME:   time = 2.822292e-01 (Symanzik1) mflops = 2.220551e+03
FFTIME:  time = 8.976810e-01 (asqtad3) terms = 2 mflops = 1.980139e+03
LLTIME(Fat): time = 1.088071e-01 (Asqtad opt) mflops = 2.320112e+03
LLTIME(long): time =  6.044149e-03 (Naik) mflops = 1.222535e+03
LLTIME(Fat): time = 1.087520e-01 (Asqtad opt) mflops = 2.321287e+03
LLTIME(long): time =  6.191969e-03 (Naik) mflops = 1.193350e+03
LLTIME(Fat): time = 1.086979e-01 (Asqtad opt) mflops = 2.322443e+03
LLTIME(long): time =  6.232023e-03 (Naik) mflops = 1.185680e+03
CONGRAD5: time = 1.800722e+00 (fn F) masses = 1 iters = 581 mflops = 1.568701e+03
CONGRAD5: time = 1.818020e+00 (fn F) masses = 1 iters = 570 mflops = 1.524358e+03
GFTIME:   time = 2.782140e-01 (Symanzik1) mflops = 2.252598e+03
FFTIME:  time = 8.968360e-01 (asqtad3) terms = 2 mflops = 1.982004e+03
LLTIME(Fat): time = 1.100252e-01 (Asqtad opt) mflops = 2.294427e+03
LLTIME(long): time =  6.184101e-03 (Naik) mflops = 1.194868e+03
LLTIME(Fat): time = 1.086280e-01 (Asqtad opt) mflops = 2.323937e+03
LLTIME(long): time =  6.330967e-03 (Naik) mflops = 1.167149e+03
LLTIME(Fat): time = 1.080248e-01 (Asqtad opt) mflops = 2.336913e+03
LLTIME(long): time =  6.236076e-03 (Naik) mflops = 1.184909e+03
CONGRAD5: time = 1.785478e+00 (fn F) masses = 1 iters = 572 mflops = 1.557587e+03
CONGRAD5: time = 1.649755e+00 (fn F) masses = 1 iters = 529 mflops = 1.559003e+03
GFTIME:   time = 2.799129e-01 (Symanzik1) mflops = 2.238926e+03
FFTIME:  time = 8.984618e-01 (asqtad3) terms = 2 mflops = 1.978418e+03
LLTIME(Fat): time = 1.087809e-01 (Asqtad opt) mflops = 2.320672e+03
LLTIME(long): time =  6.052971e-03 (Naik) mflops = 1.220753e+03
LLTIME(Fat): time = 1.142571e-01 (Asqtad opt) mflops = 2.209444e+03
LLTIME(long): time =  6.445885e-03 (Naik) mflops = 1.146341e+03
LLTIME(Fat): time = 1.086769e-01 (Asqtad opt) mflops = 2.322892e+03
LLTIME(long): time =  6.524086e-03 (Naik) mflops = 1.132601e+03
CONGRAD5: time = 1.433963e+00 (fn F) masses = 1 iters = 461 mflops = 1.563053e+03
CONGRAD5: time = 1.606005e+00 (fn F) masses = 1 iters = 517 mflops = 1.565144e+03
GFTIME:   time = 2.839069e-01 (Symanzik1) mflops = 2.207429e+03
FFTIME:  time = 8.983080e-01 (asqtad3) terms = 2 mflops = 1.978757e+03
LLTIME(Fat): time = 1.093979e-01 (Asqtad opt) mflops = 2.307583e+03
LLTIME(long): time =  6.341934e-03 (Naik) mflops = 1.165131e+03
LLTIME(Fat): time = 1.085389e-01 (Asqtad opt) mflops = 2.325846e+03
LLTIME(long): time =  6.379843e-03 (Naik) mflops = 1.158208e+03
LLTIME(Fat): time = 1.086180e-01 (Asqtad opt) mflops = 2.324151e+03
LLTIME(long): time =  6.422997e-03 (Naik) mflops = 1.150426e+03
CONGRAD5: time = 1.473742e+00 (fn F) masses = 1 iters = 473 mflops = 1.560452e+03
CONGRAD5: time = 1.501486e+00 (fn F) masses = 1 iters = 483 mflops = 1.563999e+03
GFTIME:   time = 2.807231e-01 (Symanzik1) mflops = 2.232465e+03
FFTIME:  time = 8.973942e-01 (asqtad3) terms = 2 mflops = 1.980772e+03
PLAQ:	1.539922	1.540724
P_LOOP:	-2.217390e-03	5.133878e-03
GACTION: 6.327190e+00
LLTIME(Fat): time = 1.078742e-01 (Asqtad opt) mflops = 2.340178e+03
LLTIME(long): time =  6.433010e-03 (Naik) mflops = 1.148636e+03
CONGRAD5: time = 1.401353e+00 (fn F) masses = 1 iters = 449 mflops = 1.557792e+03
CONGRAD5: time = 2.715552e-01 (fn F) masses = 1 iters = 86 mflops = 1.539753e+03
PBP: mass 1.000000e-02     2.839643e-02  2.980388e-02  3.838760e-05  -2.227616e-04 ( 1 of 1 )
FACTION: mass = 1.000000e-02,  1.498441e+00 ( 1 of 1 )
CONGRAD5: time = 1.389557e+00 (fn F) masses = 1 iters = 446 mflops = 1.560519e+03
CONGRAD5: time = 2.756970e-01 (fn F) masses = 1 iters = 88 mflops = 1.551891e+03
PBP: mass 1.000000e-02     3.235539e-02  2.574325e-02  3.415366e-03  3.507624e-03 ( 1 of 1 )
FACTION: mass = 1.000000e-02,  1.498859e+00 ( 1 of 1 )
LLTIME(Fat): time = 1.094341e-01 (Asqtad opt) mflops = 2.306819e+03
LLTIME(long): time =  6.479025e-03 (Naik) mflops = 1.140478e+03
LLTIME(Fat): time = 1.091130e-01 (Asqtad opt) mflops = 2.313608e+03
LLTIME(long): time =  6.390095e-03 (Naik) mflops = 1.156350e+03
LLTIME(Fat): time = 1.092172e-01 (Asqtad opt) mflops = 2.311401e+03
LLTIME(long): time =  6.326914e-03 (Naik) mflops = 1.167897e+03
CONGRAD5: time = 1.469256e+00 (fn F) masses = 1 iters = 469 mflops = 1.551980e+03
CONGRAD5: time = 1.471520e+00 (fn F) masses = 1 iters = 473 mflops = 1.562808e+03
GFTIME:   time = 2.793241e-01 (Symanzik1) mflops = 2.243646e+03
FFTIME:  time = 8.993919e-01 (asqtad3) terms = 2 mflops = 1.976372e+03
LLTIME(Fat): time = 1.088200e-01 (Asqtad opt) mflops = 2.319838e+03
LLTIME(long): time =  6.221056e-03 (Naik) mflops = 1.187770e+03
LLTIME(Fat): time = 1.082969e-01 (Asqtad opt) mflops = 2.331043e+03
LLTIME(long): time =  6.386042e-03 (Naik) mflops = 1.157084e+03
LLTIME(Fat): time = 1.089919e-01 (Asqtad opt) mflops = 2.316179e+03
LLTIME(long): time =  6.354094e-03 (Naik) mflops = 1.162901e+03
CONGRAD5: time = 1.417966e+00 (fn F) masses = 1 iters = 455 mflops = 1.560114e+03
CONGRAD5: time = 1.461255e+00 (fn F) masses = 1 iters = 469 mflops = 1.560477e+03
GFTIME:   time = 2.793682e-01 (Symanzik1) mflops = 2.243292e+03
FFTIME:  time = 9.006720e-01 (asqtad3) terms = 2 mflops = 1.973563e+03
LLTIME(Fat): time = 1.093051e-01 (Asqtad opt) mflops = 2.309541e+03
LLTIME(long): time =  6.324053e-03 (Naik) mflops = 1.168425e+03
LLTIME(Fat): time = 1.088440e-01 (Asqtad opt) mflops = 2.319325e+03
LLTIME(long): time =  6.526947e-03 (Naik) mflops = 1.132104e+03
LLTIME(Fat): time = 1.084170e-01 (Asqtad opt) mflops = 2.328459e+03
LLTIME(long): time =  6.466150e-03 (Naik) mflops = 1.142749e+03
CONGRAD5: time = 1.448663e+00 (fn F) masses = 1 iters = 463 mflops = 1.553904e+03
CONGRAD5: time = 1.402217e+00 (fn F) masses = 1 iters = 449 mflops = 1.556832e+03
GFTIME:   time = 2.810750e-01 (Symanzik1) mflops = 2.229670e+03
FFTIME:  time = 8.955860e-01 (asqtad3) terms = 2 mflops = 1.984771e+03
LLTIME(Fat): time = 1.091571e-01 (Asqtad opt) mflops = 2.312673e+03
LLTIME(long): time =  6.296158e-03 (Naik) mflops = 1.173602e+03
LLTIME(Fat): time = 1.083970e-01 (Asqtad opt) mflops = 2.328890e+03
LLTIME(long): time =  6.299973e-03 (Naik) mflops = 1.172891e+03
LLTIME(Fat): time = 1.083889e-01 (Asqtad opt) mflops = 2.329064e+03
LLTIME(long): time =  6.158829e-03 (Naik) mflops = 1.199771e+03
CONGRAD5: time = 1.401872e+00 (fn F) masses = 1 iters = 450 mflops = 1.560684e+03
CONGRAD5: time = 1.428215e+00 (fn F) masses = 1 iters = 460 mflops = 1.565939e+03
GFTIME:   time = 2.794042e-01 (Symanzik1) mflops = 2.243003e+03
FFTIME:  time = 9.003730e-01 (asqtad3) terms = 2 mflops = 1.974218e+03
LLTIME(Fat): time = 1.098480e-01 (Asqtad opt) mflops = 2.298127e+03
LLTIME(long): time =  6.390095e-03 (Naik) mflops = 1.156350e+03
LLTIME(Fat): time = 1.080291e-01 (Asqtad opt) mflops = 2.336820e+03
LLTIME(long): time =  6.292105e-03 (Naik) mflops = 1.174358e+03
LLTIME(Fat): time = 1.084039e-01 (Asqtad opt) mflops = 2.328741e+03
LLTIME(long): time =  6.472111e-03 (Naik) mflops = 1.141696e+03
CONGRAD5: time = 1.474558e+00 (fn F) masses = 1 iters = 474 mflops = 1.562885e+03
CONGRAD5: time = 1.372595e+00 (fn F) masses = 1 iters = 438 mflops = 1.551467e+03
GFTIME:   time = 2.824559e-01 (Symanzik1) mflops = 2.218769e+03
FFTIME:  time = 8.977661e-01 (asqtad3) terms = 2 mflops = 1.979951e+03
LLTIME(Fat): time = 1.089430e-01 (Asqtad opt) mflops = 2.317218e+03
LLTIME(long): time =  6.291151e-03 (Naik) mflops = 1.174536e+03
LLTIME(Fat): time = 1.086571e-01 (Asqtad opt) mflops = 2.323315e+03
LLTIME(long): time =  6.345987e-03 (Naik) mflops = 1.164387e+03
LLTIME(Fat): time = 1.092401e-01 (Asqtad opt) mflops = 2.310917e+03
LLTIME(long): time =  6.139994e-03 (Naik) mflops = 1.203451e+03
CONGRAD5: time = 1.461941e+00 (fn F) masses = 1 iters = 466 mflops = 1.549768e+03
CONGRAD5: time = 1.463391e+00 (fn F) masses = 1 iters = 459 mflops = 1.524976e+03
GFTIME:   time = 2.820780e-01 (Symanzik1) mflops = 2.221741e+03
FFTIME:  time = 8.989959e-01 (asqtad3) terms = 2 mflops = 1.977243e+03
LLTIME(Fat): time = 1.089280e-01 (Asqtad opt) mflops = 2.317538e+03
LLTIME(long): time =  6.282806e-03 (Naik) mflops = 1.176096e+03
LLTIME(Fat): time = 1.090388e-01 (Asqtad opt) mflops = 2.315181e+03
LLTIME(long): time =  6.465912e-03 (Naik) mflops = 1.142791e+03
LLTIME(Fat): time = 1.092200e-01 (Asqtad opt) mflops = 2.311340e+03
LLTIME(long): time =  6.293058e-03 (Naik) mflops = 1.174180e+03
CONGRAD5: time = 1.487949e+00 (fn F) masses = 1 iters = 471 mflops = 1.539018e+03
CONGRAD5: time = 1.449328e+00 (fn F) masses = 1 iters = 459 mflops = 1.539773e+03
GFTIME:   time = 2.836490e-01 (Symanzik1) mflops = 2.209437e+03
FFTIME:  time = 8.999810e-01 (asqtad3) terms = 2 mflops = 1.975078e+03
LLTIME(Fat): time = 1.094761e-01 (Asqtad opt) mflops = 2.305934e+03
LLTIME(long): time =  6.404161e-03 (Naik) mflops = 1.153810e+03
LLTIME(Fat): time = 1.108601e-01 (Asqtad opt) mflops = 2.277146e+03
LLTIME(long): time =  5.522013e-03 (Naik) mflops = 1.338132e+03
LLTIME(Fat): time = 1.080630e-01 (Asqtad opt) mflops = 2.336088e+03
LLTIME(long): time =  6.375790e-03 (Naik) mflops = 1.158944e+03
CONGRAD5: time = 1.562712e+00 (fn F) masses = 1 iters = 494 mflops = 1.536946e+03
CONGRAD5: time = 1.440435e+00 (fn F) masses = 1 iters = 454 mflops = 1.532403e+03
GFTIME:   time = 2.871740e-01 (Symanzik1) mflops = 2.182316e+03
FFTIME:  time = 9.063702e-01 (asqtad3) terms = 2 mflops = 1.961156e+03
LLTIME(Fat): time = 1.126449e-01 (Asqtad opt) mflops = 2.241066e+03
LLTIME(long): time =  6.184101e-03 (Naik) mflops = 1.194868e+03
LLTIME(Fat): time = 1.108580e-01 (Asqtad opt) mflops = 2.277190e+03
LLTIME(long): time =  6.460905e-03 (Naik) mflops = 1.143676e+03
LLTIME(Fat): time = 1.106858e-01 (Asqtad opt) mflops = 2.280732e+03
LLTIME(long): time =  6.505013e-03 (Naik) mflops = 1.135922e+03
CONGRAD5: time = 1.662149e+00 (fn F) masses = 1 iters = 525 mflops = 1.535678e+03
CONGRAD5: time = 1.501028e+00 (fn F) masses = 1 iters = 475 mflops = 1.538564e+03
GFTIME:   time = 2.915680e-01 (Symanzik1) mflops = 2.149428e+03
FFTIME:  time = 9.039118e-01 (asqtad3) terms = 2 mflops = 1.966489e+03
LLTIME(Fat): time = 1.093690e-01 (Asqtad opt) mflops = 2.308191e+03
LLTIME(long): time =  6.423950e-03 (Naik) mflops = 1.150255e+03
LLTIME(Fat): time = 1.092951e-01 (Asqtad opt) mflops = 2.309752e+03
LLTIME(long): time =  6.052017e-03 (Naik) mflops = 1.220946e+03
LLTIME(Fat): time = 1.099832e-01 (Asqtad opt) mflops = 2.295302e+03
LLTIME(long): time =  6.312847e-03 (Naik) mflops = 1.170499e+03
CONGRAD5: time = 1.528276e+00 (fn F) masses = 1 iters = 471 mflops = 1.498407e+03
CONGRAD5: time = 1.464951e+00 (fn F) masses = 1 iters = 464 mflops = 1.539946e+03
GFTIME:   time = 2.835751e-01 (Symanzik1) mflops = 2.210012e+03
FFTIME:  time = 9.057200e-01 (asqtad3) terms = 2 mflops = 1.962563e+03
LLTIME(Fat): time = 1.098850e-01 (Asqtad opt) mflops = 2.297354e+03
LLTIME(long): time =  6.592989e-03 (Naik) mflops = 1.120764e+03
LLTIME(Fat): time = 1.085670e-01 (Asqtad opt) mflops = 2.325243e+03
LLTIME(long): time =  6.268978e-03 (Naik) mflops = 1.178690e+03
LLTIME(Fat): time = 1.133418e-01 (Asqtad opt) mflops = 2.227286e+03
LLTIME(long): time =  6.417036e-03 (Naik) mflops = 1.151495e+03
CONGRAD5: time = 1.524905e+00 (fn F) masses = 1 iters = 478 mflops = 1.524038e+03
CONGRAD5: time = 1.534031e+00 (fn F) masses = 1 iters = 488 mflops = 1.546665e+03
GFTIME:   time = 2.827151e-01 (Symanzik1) mflops = 2.216735e+03
FFTIME:  time = 9.365840e-01 (asqtad3) terms = 2 mflops = 1.897889e+03
LLTIME(Fat): time = 1.093869e-01 (Asqtad opt) mflops = 2.307814e+03
LLTIME(long): time =  6.263971e-03 (Naik) mflops = 1.179632e+03
LLTIME(Fat): time = 1.087620e-01 (Asqtad opt) mflops = 2.321074e+03
LLTIME(long): time =  6.156921e-03 (Naik) mflops = 1.200143e+03
LLTIME(Fat): time = 1.085610e-01 (Asqtad opt) mflops = 2.325371e+03
LLTIME(long): time =  6.261110e-03 (Naik) mflops = 1.180172e+03
CONGRAD5: time = 1.544162e+00 (fn F) masses = 1 iters = 491 mflops = 1.545964e+03
CONGRAD5: time = 1.454609e+00 (fn F) masses = 1 iters = 464 mflops = 1.550895e+03
GFTIME:   time = 2.808359e-01 (Symanzik1) mflops = 2.231568e+03
FFTIME:  time = 9.173050e-01 (asqtad3) terms = 2 mflops = 1.937777e+03
LLTIME(Fat): time = 1.103401e-01 (Asqtad opt) mflops = 2.287877e+03
LLTIME(long): time =  6.250143e-03 (Naik) mflops = 1.182242e+03
LLTIME(Fat): time = 1.091290e-01 (Asqtad opt) mflops = 2.313269e+03
LLTIME(long): time =  6.003857e-03 (Naik) mflops = 1.230740e+03
LLTIME(Fat): time = 1.098161e-01 (Asqtad opt) mflops = 2.298795e+03
LLTIME(long): time =  6.267071e-03 (Naik) mflops = 1.179049e+03
CONGRAD5: time = 1.564081e+00 (fn F) masses = 1 iters = 498 mflops = 1.548035e+03
CONGRAD5: time = 2.525402e+00 (fn F) masses = 1 iters = 475 mflops = 9.144791e+02
GFTIME:   time = 2.835410e-01 (Symanzik1) mflops = 2.210278e+03
FFTIME:  time = 9.641871e-01 (asqtad3) terms = 2 mflops = 1.843556e+03
LLTIME(Fat): time = 1.094029e-01 (Asqtad opt) mflops = 2.307477e+03
LLTIME(long): time =  6.232977e-03 (Naik) mflops = 1.185498e+03
LLTIME(Fat): time = 1.087811e-01 (Asqtad opt) mflops = 2.320667e+03
LLTIME(long): time =  6.216049e-03 (Naik) mflops = 1.188727e+03
LLTIME(Fat): time = 1.100368e-01 (Asqtad opt) mflops = 2.294183e+03
LLTIME(long): time =  6.675005e-03 (Naik) mflops = 1.106993e+03
CONGRAD5: time = 1.514879e+00 (fn F) masses = 1 iters = 479 mflops = 1.537334e+03
CONGRAD5: time = 1.552841e+00 (fn F) masses = 1 iters = 486 mflops = 1.521668e+03
GFTIME:   time = 3.022370e-01 (Symanzik1) mflops = 2.073553e+03
FFTIME:  time = 9.108279e-01 (asqtad3) terms = 2 mflops = 1.951557e+03
LLTIME(Fat): time = 1.095250e-01 (Asqtad opt) mflops = 2.304905e+03
LLTIME(long): time =  6.500006e-03 (Naik) mflops = 1.136797e+03
LLTIME(Fat): time = 1.090310e-01 (Asqtad opt) mflops = 2.315348e+03
LLTIME(long): time =  6.276131e-03 (Naik) mflops = 1.177347e+03
LLTIME(Fat): time = 1.085141e-01 (Asqtad opt) mflops = 2.326377e+03
LLTIME(long): time =  6.340027e-03 (Naik) mflops = 1.165481e+03
CONGRAD5: time = 1.528403e+00 (fn F) masses = 1 iters = 477 mflops = 1.517369e+03
CONGRAD5: time = 1.534894e+00 (fn F) masses = 1 iters = 485 mflops = 1.536293e+03
GFTIME:   time = 2.968359e-01 (Symanzik1) mflops = 2.111282e+03
FFTIME:  time = 9.057939e-01 (asqtad3) terms = 2 mflops = 1.962403e+03
PLAQ:	1.498274	1.498935
P_LOOP:	7.746808e-03	3.567850e-03
GACTION: 6.535124e+00
LLTIME(Fat): time = 1.318600e-01 (Asqtad opt) mflops = 1.914490e+03
LLTIME(long): time =  7.639885e-03 (Naik) mflops = 9.671852e+02
CONGRAD5: time = 1.551460e+00 (fn F) masses = 1 iters = 491 mflops = 1.538692e+03
CONGRAD5: time = 2.757790e-01 (fn F) masses = 1 iters = 88 mflops = 1.551430e+03
PBP: mass 1.000000e-02     3.565010e-02  2.951640e-02  -7.202452e-04  -1.314931e-03 ( 1 of 1 )
FACTION: mass = 1.000000e-02,  1.502407e+00 ( 1 of 1 )
CONGRAD5: time = 1.542232e+00 (fn F) masses = 1 iters = 488 mflops = 1.538441e+03
CONGRAD5: time = 2.757790e-01 (fn F) masses = 1 iters = 88 mflops = 1.551430e+03
PBP: mass 1.000000e-02     2.931343e-02  3.550170e-02  2.108497e-04  6.635823e-05 ( 1 of 1 )
FACTION: mass = 1.000000e-02,  1.499501e+00 ( 1 of 1 )
LLTIME(Fat): time = 1.092751e-01 (Asqtad opt) mflops = 2.310176e+03
LLTIME(long): time =  6.519079e-03 (Naik) mflops = 1.133471e+03
LLTIME(Fat): time = 1.085560e-01 (Asqtad opt) mflops = 2.325478e+03
LLTIME(long): time =  6.551027e-03 (Naik) mflops = 1.127943e+03
LLTIME(Fat): time = 1.106720e-01 (Asqtad opt) mflops = 2.281017e+03
LLTIME(long): time =  6.371975e-03 (Naik) mflops = 1.159638e+03
CONGRAD5: time = 1.604476e+00 (fn F) masses = 1 iters = 505 mflops = 1.530273e+03
CONGRAD5: time = 1.528419e+00 (fn F) masses = 1 iters = 486 mflops = 1.545982e+03
GFTIME:   time = 2.889841e-01 (Symanzik1) mflops = 2.168647e+03
FFTIME:  time = 9.246480e-01 (asqtad3) terms = 2 mflops = 1.922389e+03
LLTIME(Fat): time = 1.093440e-01 (Asqtad opt) mflops = 2.308720e+03
LLTIME(long): time =  6.235838e-03 (Naik) mflops = 1.184954e+03
LLTIME(Fat): time = 1.108232e-01 (Asqtad opt) mflops = 2.277905e+03
LLTIME(long): time =  6.376982e-03 (Naik) mflops = 1.158727e+03
LLTIME(Fat): time = 1.089520e-01 (Asqtad opt) mflops = 2.317026e+03
LLTIME(long): time =  6.400108e-03 (Naik) mflops = 1.154540e+03
CONGRAD5: time = 1.560446e+00 (fn F) masses = 1 iters = 496 mflops = 1.545410e+03
CONGRAD5: time = 1.563992e+00 (fn F) masses = 1 iters = 495 mflops = 1.538797e+03
GFTIME:   time = 3.134050e-01 (Symanzik1) mflops = 1.999663e+03
FFTIME:  time = 9.255819e-01 (asqtad3) terms = 2 mflops = 1.920449e+03
LLTIME(Fat): time = 1.090288e-01 (Asqtad opt) mflops = 2.315394e+03
LLTIME(long): time =  6.611109e-03 (Naik) mflops = 1.117692e+03
LLTIME(Fat): time = 1.116891e-01 (Asqtad opt) mflops = 2.260245e+03
LLTIME(long): time =  4.462957e-03 (Naik) mflops = 1.655670e+03
LLTIME(Fat): time = 1.085751e-01 (Asqtad opt) mflops = 2.325070e+03
LLTIME(long): time =  6.405115e-03 (Naik) mflops = 1.153638e+03
CONGRAD5: time = 1.552815e+00 (fn F) masses = 1 iters = 492 mflops = 1.540480e+03
CONGRAD5: time = 1.548451e+00 (fn F) masses = 1 iters = 486 mflops = 1.525982e+03
GFTIME:   time = 2.803960e-01 (Symanzik1) mflops = 2.235069e+03
FFTIME:  time = 9.049139e-01 (asqtad3) terms = 2 mflops = 1.964312e+03
LLTIME(Fat): time = 1.115041e-01 (Asqtad opt) mflops = 2.263995e+03
LLTIME(long): time =  6.446838e-03 (Naik) mflops = 1.146172e+03
LLTIME(Fat): time = 1.087730e-01 (Asqtad opt) mflops = 2.320840e+03
LLTIME(long): time =  6.459951e-03 (Naik) mflops = 1.143845e+03
LLTIME(Fat): time = 1.081378e-01 (Asqtad opt) mflops = 2.334471e+03
LLTIME(long): time =  6.509066e-03 (Naik) mflops = 1.135214e+03
CONGRAD5: time = 1.576351e+00 (fn F) masses = 1 iters = 498 mflops = 1.535985e+03
CONGRAD5: time = 1.602510e+00 (fn F) masses = 1 iters = 494 mflops = 1.498776e+03
GFTIME:   time = 2.796102e-01 (Symanzik1) mflops = 2.241351e+03
FFTIME:  time = 9.110651e-01 (asqtad3) terms = 2 mflops = 1.951049e+03
LLTIME(Fat): time = 1.092689e-01 (Asqtad opt) mflops = 2.310307e+03
LLTIME(long): time =  6.531000e-03 (Naik) mflops = 1.131402e+03
LLTIME(Fat): time = 1.123440e-01 (Asqtad opt) mflops = 2.247068e+03
LLTIME(long): time =  6.000996e-03 (Naik) mflops = 1.231326e+03
LLTIME(Fat): time = 1.082220e-01 (Asqtad opt) mflops = 2.332656e+03
LLTIME(long): time =  6.417990e-03 (Naik) mflops = 1.151324e+03
CONGRAD5: time = 1.622859e+00 (fn F) masses = 1 iters = 507 mflops = 1.518930e+03
CONGRAD5: time = 1.515317e+00 (fn F) masses = 1 iters = 481 mflops = 1.543307e+03
GFTIME:   time = 2.797229e-01 (Symanzik1) mflops = 2.240447e+03
FFTIME:  time = 9.054420e-01 (asqtad3) terms = 2 mflops = 1.963166e+03
LLTIME(Fat): time = 1.085961e-01 (Asqtad opt) mflops = 2.324620e+03
LLTIME(long): time =  6.308079e-03 (Naik) mflops = 1.171384e+03
LLTIME(Fat): time = 1.083610e-01 (Asqtad opt) mflops = 2.329663e+03
LLTIME(long): time =  6.227970e-03 (Naik) mflops = 1.186451e+03
LLTIME(Fat): time = 1.158020e-01 (Asqtad opt) mflops = 2.179967e+03
LLTIME(long): time =  6.471157e-03 (Naik) mflops = 1.141864e+03
CONGRAD5: time = 1.626239e+00 (fn F) masses = 1 iters = 512 mflops = 1.530722e+03
CONGRAD5: time = 1.545103e+00 (fn F) masses = 1 iters = 493 mflops = 1.551316e+03
GFTIME:   time = 2.816460e-01 (Symanzik1) mflops = 2.225149e+03
FFTIME:  time = 9.283469e-01 (asqtad3) terms = 2 mflops = 1.914729e+03
LLTIME(Fat): time = 1.091259e-01 (Asqtad opt) mflops = 2.313335e+03
LLTIME(long): time =  6.275892e-03 (Naik) mflops = 1.177392e+03
LLTIME(Fat): time = 1.104650e-01 (Asqtad opt) mflops = 2.285290e+03
LLTIME(long): time =  6.328821e-03 (Naik) mflops = 1.167545e+03
LLTIME(Fat): time = 1.092651e-01 (Asqtad opt) mflops = 2.310387e+03
LLTIME(long): time =  5.890846e-03 (Naik) mflops = 1.254350e+03
CONGRAD5: time = 1.692070e+00 (fn F) masses = 1 iters = 530 mflops = 1.522889e+03
CONGRAD5: time = 1.565138e+00 (fn F) masses = 1 iters = 496 mflops = 1.540777e+03
GFTIME:   time = 2.812691e-01 (Symanzik1) mflops = 2.228131e+03
FFTIME:  time = 9.166839e-01 (asqtad3) terms = 2 mflops = 1.939090e+03
LLTIME(Fat): time = 1.103261e-01 (Asqtad opt) mflops = 2.288169e+03
LLTIME(long): time =  6.179094e-03 (Naik) mflops = 1.195836e+03
LLTIME(Fat): time = 1.094511e-01 (Asqtad opt) mflops = 2.306462e+03
LLTIME(long): time =  6.405830e-03 (Naik) mflops = 1.153509e+03
LLTIME(Fat): time = 1.086459e-01 (Asqtad opt) mflops = 2.323554e+03
LLTIME(long): time =  6.217003e-03 (Naik) mflops = 1.188544e+03
CONGRAD5: time = 1.593150e+00 (fn F) masses = 1 iters = 505 mflops = 1.541152e+03
CONGRAD5: time = 1.585046e+00 (fn F) masses = 1 iters = 498 mflops = 1.527559e+03
GFTIME:   time = 2.837489e-01 (Symanzik1) mflops = 2.208659e+03
FFTIME:  time = 9.101779e-01 (asqtad3) terms = 2 mflops = 1.952951e+03
LLTIME(Fat): time = 1.089060e-01 (Asqtad opt) mflops = 2.318005e+03
LLTIME(long): time =  7.805109e-03 (Naik) mflops = 9.467112e+02
LLTIME(Fat): time = 1.087549e-01 (Asqtad opt) mflops = 2.321226e+03
LLTIME(long): time =  6.345987e-03 (Naik) mflops = 1.164387e+03
LLTIME(Fat): time = 1.102819e-01 (Asqtad opt) mflops = 2.289084e+03
LLTIME(long): time =  6.117105e-03 (Naik) mflops = 1.207954e+03
CONGRAD5: time = 1.660087e+00 (fn F) masses = 1 iters = 530 mflops = 1.552229e+03
CONGRAD5: time = 1.686534e+00 (fn F) masses = 1 iters = 531 mflops = 1.530771e+03
GFTIME:   time = 2.815111e-01 (Symanzik1) mflops = 2.226216e+03
FFTIME:  time = 9.051819e-01 (asqtad3) terms = 2 mflops = 1.963730e+03
LLTIME(Fat): time = 1.099999e-01 (Asqtad opt) mflops = 2.294954e+03
LLTIME(long): time =  6.385088e-03 (Naik) mflops = 1.157256e+03
LLTIME(Fat): time = 1.088860e-01 (Asqtad opt) mflops = 2.318431e+03
LLTIME(long): time =  6.469965e-03 (Naik) mflops = 1.142075e+03
LLTIME(Fat): time = 1.090140e-01 (Asqtad opt) mflops = 2.315708e+03
LLTIME(long): time =  6.304026e-03 (Naik) mflops = 1.172137e+03
CONGRAD5: time = 1.526247e+00 (fn F) masses = 1 iters = 487 mflops = 1.551368e+03
CONGRAD5: time = 1.546948e+00 (fn F) masses = 1 iters = 493 mflops = 1.549465e+03
GFTIME:   time = 2.846880e-01 (Symanzik1) mflops = 2.201373e+03
FFTIME:  time = 9.059799e-01 (asqtad3) terms = 2 mflops = 1.962000e+03
LLTIME(Fat): time = 1.088889e-01 (Asqtad opt) mflops = 2.318370e+03
LLTIME(long): time =  6.540060e-03 (Naik) mflops = 1.129834e+03
LLTIME(Fat): time = 1.084230e-01 (Asqtad opt) mflops = 2.328331e+03
LLTIME(long): time =  6.403923e-03 (Naik) mflops = 1.153853e+03
LLTIME(Fat): time = 1.098819e-01 (Asqtad opt) mflops = 2.297419e+03
LLTIME(long): time =  6.407022e-03 (Naik) mflops = 1.153295e+03
CONGRAD5: time = 1.746531e+00 (fn F) masses = 1 iters = 542 mflops = 1.508807e+03
CONGRAD5: time = 1.615468e+00 (fn F) masses = 1 iters = 512 mflops = 1.540928e+03
GFTIME:   time = 2.862639e-01 (Symanzik1) mflops = 2.189254e+03
FFTIME:  time = 9.110560e-01 (asqtad3) terms = 2 mflops = 1.951069e+03
LLTIME(Fat): time = 1.117411e-01 (Asqtad opt) mflops = 2.259193e+03
LLTIME(long): time =  6.240845e-03 (Naik) mflops = 1.184004e+03
LLTIME(Fat): time = 1.134682e-01 (Asqtad opt) mflops = 2.224806e+03
LLTIME(long): time =  6.268024e-03 (Naik) mflops = 1.178870e+03
LLTIME(Fat): time = 1.096492e-01 (Asqtad opt) mflops = 2.302294e+03
LLTIME(long): time =  6.098032e-03 (Naik) mflops = 1.211733e+03
CONGRAD5: time = 1.642297e+00 (fn F) masses = 1 iters = 518 mflops = 1.533517e+03
CONGRAD5: time = 1.629917e+00 (fn F) masses = 1 iters = 519 mflops = 1.548148e+03
GFTIME:   time = 2.943578e-01 (Symanzik1) mflops = 2.129057e+03
FFTIME:  time = 9.096179e-01 (asqtad3) terms = 2 mflops = 1.954153e+03
LLTIME(Fat): time = 1.092350e-01 (Asqtad opt) mflops = 2.311023e+03
LLTIME(long): time =  5.632162e-03 (Naik) mflops = 1.311962e+03
LLTIME(Fat): time = 1.113429e-01 (Asqtad opt) mflops = 2.267272e+03
LLTIME(long): time =  6.361008e-03 (Naik) mflops = 1.161637e+03
LLTIME(Fat): time = 1.160932e-01 (Asqtad opt) mflops = 2.174501e+03
LLTIME(long): time =  6.525993e-03 (Naik) mflops = 1.132270e+03
CONGRAD5: time = 1.684877e+00 (fn F) masses = 1 iters = 538 mflops = 1.552476e+03
CONGRAD5: time = 1.640339e+00 (fn F) masses = 1 iters = 518 mflops = 1.535348e+03
GFTIME:   time = 2.843111e-01 (Symanzik1) mflops = 2.204291e+03
FFTIME:  time = 9.416859e-01 (asqtad3) terms = 2 mflops = 1.887607e+03
LLTIME(Fat): time = 1.089919e-01 (Asqtad opt) mflops = 2.316179e+03
LLTIME(long): time =  6.383896e-03 (Naik) mflops = 1.157473e+03
LLTIME(Fat): time = 1.089668e-01 (Asqtad opt) mflops = 2.316711e+03
LLTIME(long): time =  6.329060e-03 (Naik) mflops = 1.167501e+03
LLTIME(Fat): time = 1.084421e-01 (Asqtad opt) mflops = 2.327922e+03
LLTIME(long): time =  6.320000e-03 (Naik) mflops = 1.169175e+03
CONGRAD5: time = 1.626060e+00 (fn F) masses = 1 iters = 519 mflops = 1.551820e+03
CONGRAD5: time = 5.807806e+00 (fn F) masses = 1 iters = 533 mflops = 4.461961e+02
GFTIME:   time = 3.164549e-01 (Symanzik1) mflops = 1.980391e+03
FFTIME:  time = 9.004569e-01 (asqtad3) terms = 2 mflops = 1.974034e+03
LLTIME(Fat): time = 1.109221e-01 (Asqtad opt) mflops = 2.275874e+03
LLTIME(long): time =  6.369829e-03 (Naik) mflops = 1.160029e+03
LLTIME(Fat): time = 1.113222e-01 (Asqtad opt) mflops = 2.267695e+03
LLTIME(long): time =  6.380081e-03 (Naik) mflops = 1.158165e+03
LLTIME(Fat): time = 1.102190e-01 (Asqtad opt) mflops = 2.290392e+03
LLTIME(long): time =  6.478071e-03 (Naik) mflops = 1.140646e+03
CONGRAD5: time = 1.644478e+00 (fn F) masses = 1 iters = 519 mflops = 1.534440e+03
CONGRAD5: time = 1.689347e+00 (fn F) masses = 1 iters = 541 mflops = 1.557002e+03
GFTIME:   time = 2.883801e-01 (Symanzik1) mflops = 2.173188e+03
FFTIME:  time = 9.057829e-01 (asqtad3) terms = 2 mflops = 1.962427e+03
PLAQ:	1.474954	1.475181
P_LOOP:	4.303606e-03	-8.621125e-03
GACTION: 6.648548e+00
LLTIME(Fat): time = 1.082320e-01 (Asqtad opt) mflops = 2.332440e+03
LLTIME(long): time =  6.325006e-03 (Naik) mflops = 1.168249e+03
CONGRAD5: time = 1.655361e+00 (fn F) masses = 1 iters = 528 mflops = 1.550786e+03
CONGRAD5: time = 2.666299e-01 (fn F) masses = 1 iters = 83 mflops = 1.513491e+03
PBP: mass 1.000000e-02     3.469849e-02  3.705291e-02  -2.717628e-03  -2.802931e-03 ( 1 of 1 )
FACTION: mass = 1.000000e-02,  1.498004e+00 ( 1 of 1 )
CONGRAD5: time = 1.630335e+00 (fn F) masses = 1 iters = 521 mflops = 1.553716e+03
CONGRAD5: time = 2.831502e-01 (fn F) masses = 1 iters = 89 mflops = 1.528213e+03
PBP: mass 1.000000e-02     3.401780e-02  3.599098e-02  -1.822378e-03  -2.154822e-03 ( 1 of 1 )
FACTION: mass = 1.000000e-02,  1.501928e+00 ( 1 of 1 )
LLTIME(Fat): time = 1.092510e-01 (Asqtad opt) mflops = 2.310685e+03
LLTIME(long): time =  6.507874e-03 (Naik) mflops = 1.135422e+03
LLTIME(Fat): time = 1.086330e-01 (Asqtad opt) mflops = 2.323830e+03
LLTIME(long): time =  6.157160e-03 (Naik) mflops = 1.200096e+03
LLTIME(Fat): time = 1.083791e-01 (Asqtad opt) mflops = 2.329274e+03
LLTIME(long): time =  6.456852e-03 (Naik) mflops = 1.144394e+03
CONGRAD5: time = 1.678317e+00 (fn F) masses = 1 iters = 529 mflops = 1.532471e+03
CONGRAD5: time = 1.618949e+00 (fn F) masses = 1 iters = 518 mflops = 1.555633e+03
GFTIME:   time = 2.789829e-01 (Symanzik1) mflops = 2.246390e+03
FFTIME:  time = 9.098041e-01 (asqtad3) terms = 2 mflops = 1.953753e+03
LLTIME(Fat): time = 1.092012e-01 (Asqtad opt) mflops = 2.311739e+03
LLTIME(long): time =  6.408930e-03 (Naik) mflops = 1.152951e+03
LLTIME(Fat): time = 1.096179e-01 (Asqtad opt) mflops = 2.302950e+03
LLTIME(long): time =  6.453037e-03 (Naik) mflops = 1.145071e+03
LLTIME(Fat): time = 1.086869e-01 (Asqtad opt) mflops = 2.322677e+03
LLTIME(long): time =  6.255865e-03 (Naik) mflops = 1.181161e+03
CONGRAD5: time = 1.630090e+00 (fn F) masses = 1 iters = 519 mflops = 1.547984e+03
CONGRAD5: time = 1.622062e+00 (fn F) masses = 1 iters = 517 mflops = 1.549651e+03
GFTIME:   time = 2.809448e-01 (Symanzik1) mflops = 2.230703e+03
FFTIME:  time = 8.981142e-01 (asqtad3) terms = 2 mflops = 1.979184e+03
LLTIME(Fat): time = 1.092479e-01 (Asqtad opt) mflops = 2.310750e+03
LLTIME(long): time =  6.261826e-03 (Naik) mflops = 1.180037e+03
LLTIME(Fat): time = 1.092558e-01 (Asqtad opt) mflops = 2.310584e+03
LLTIME(long): time =  6.149054e-03 (Naik) mflops = 1.201678e+03
LLTIME(Fat): time = 1.090052e-01 (Asqtad opt) mflops = 2.315895e+03
LLTIME(long): time =  6.313086e-03 (Naik) mflops = 1.170455e+03
CONGRAD5: time = 1.681435e+00 (fn F) masses = 1 iters = 526 mflops = 1.520955e+03
CONGRAD5: time = 1.651290e+00 (fn F) masses = 1 iters = 529 mflops = 1.557554e+03
GFTIME:   time = 2.795682e-01 (Symanzik1) mflops = 2.241687e+03
FFTIME:  time = 8.995931e-01 (asqtad3) terms = 2 mflops = 1.975930e+03
LLTIME(Fat): time = 1.090410e-01 (Asqtad opt) mflops = 2.315136e+03
LLTIME(long): time =  6.422997e-03 (Naik) mflops = 1.150426e+03
LLTIME(Fat): time = 1.087081e-01 (Asqtad opt) mflops = 2.322224e+03
LLTIME(long): time =  6.459951e-03 (Naik) mflops = 1.143845e+03
LLTIME(Fat): time = 1.083598e-01 (Asqtad opt) mflops = 2.329689e+03
LLTIME(long): time =  6.476879e-03 (Naik) mflops = 1.140856e+03
CONGRAD5: time = 4.633077e+00 (fn F) masses = 1 iters = 519 mflops = 5.446387e+02
CONGRAD5: time = 1.633564e+00 (fn F) masses = 1 iters = 524 mflops = 1.559573e+03
GFTIME:   time = 2.792110e-01 (Symanzik1) mflops = 2.244554e+03
FFTIME:  time = 8.998010e-01 (asqtad3) terms = 2 mflops = 1.975473e+03
LLTIME(Fat): time = 1.085041e-01 (Asqtad opt) mflops = 2.326592e+03
LLTIME(long): time =  6.377935e-03 (Naik) mflops = 1.158554e+03
LLTIME(Fat): time = 1.087868e-01 (Asqtad opt) mflops = 2.320545e+03
LLTIME(long): time =  6.119013e-03 (Naik) mflops = 1.207578e+03
LLTIME(Fat): time = 1.111431e-01 (Asqtad opt) mflops = 2.271348e+03
LLTIME(long): time =  6.454945e-03 (Naik) mflops = 1.144732e+03
CONGRAD5: time = 1.667889e+00 (fn F) masses = 1 iters = 534 mflops = 1.556628e+03
CONGRAD5: time = 1.602906e+00 (fn F) masses = 1 iters = 515 mflops = 1.562103e+03
GFTIME:   time = 2.885580e-01 (Symanzik1) mflops = 2.171849e+03
FFTIME:  time = 8.990691e-01 (asqtad3) terms = 2 mflops = 1.977082e+03
LLTIME(Fat): time = 1.097691e-01 (Asqtad opt) mflops = 2.299779e+03
LLTIME(long): time =  6.345034e-03 (Naik) mflops = 1.164562e+03
LLTIME(Fat): time = 1.085451e-01 (Asqtad opt) mflops = 2.325713e+03
LLTIME(long): time =  6.138086e-03 (Naik) mflops = 1.203825e+03
LLTIME(Fat): time = 1.083419e-01 (Asqtad opt) mflops = 2.330074e+03
LLTIME(long): time =  6.398916e-03 (Naik) mflops = 1.154756e+03
CONGRAD5: time = 1.622367e+00 (fn F) masses = 1 iters = 519 mflops = 1.555353e+03
CONGRAD5: time = 1.633066e+00 (fn F) masses = 1 iters = 522 mflops = 1.554095e+03
GFTIME:   time = 2.805810e-01 (Symanzik1) mflops = 2.233595e+03
FFTIME:  time = 9.063430e-01 (asqtad3) terms = 2 mflops = 1.961214e+03
LLTIME(Fat): time = 1.090219e-01 (Asqtad opt) mflops = 2.315541e+03
LLTIME(long): time =  6.422997e-03 (Naik) mflops = 1.150426e+03
LLTIME(Fat): time = 1.088288e-01 (Asqtad opt) mflops = 2.319650e+03
LLTIME(long): time =  6.091833e-03 (Naik) mflops = 1.212966e+03
LLTIME(Fat): time = 1.081200e-01 (Asqtad opt) mflops = 2.334857e+03
LLTIME(long): time =  6.190062e-03 (Naik) mflops = 1.193717e+03
CONGRAD5: time = 1.636943e+00 (fn F) masses = 1 iters = 525 mflops = 1.559324e+03
CONGRAD5: time = 1.677610e+00 (fn F) masses = 1 iters = 539 mflops = 1.562099e+03
GFTIME:   time = 2.849870e-01 (Symanzik1) mflops = 2.199063e+03
FFTIME:  time = 9.028511e-01 (asqtad3) terms = 2 mflops = 1.968800e+03
LLTIME(Fat): time = 1.145141e-01 (Asqtad opt) mflops = 2.204485e+03
LLTIME(long): time =  6.361961e-03 (Naik) mflops = 1.161463e+03
LLTIME(Fat): time = 1.092470e-01 (Asqtad opt) mflops = 2.310770e+03
LLTIME(long): time =  6.113052e-03 (Naik) mflops = 1.208755e+03
LLTIME(Fat): time = 1.083219e-01 (Asqtad opt) mflops = 2.330504e+03
LLTIME(long): time =  6.376028e-03 (Naik) mflops = 1.158901e+03
CONGRAD5: time = 1.626360e+00 (fn F) masses = 1 iters = 521 mflops = 1.557513e+03
CONGRAD5: time = 1.639171e+00 (fn F) masses = 1 iters = 524 mflops = 1.554238e+03
GFTIME:   time = 2.797801e-01 (Symanzik1) mflops = 2.239989e+03
FFTIME:  time = 9.020829e-01 (asqtad3) terms = 2 mflops = 1.970476e+03
LLTIME(Fat): time = 1.093922e-01 (Asqtad opt) mflops = 2.307703e+03
LLTIME(long): time =  6.245136e-03 (Naik) mflops = 1.183190e+03
LLTIME(Fat): time = 1.099551e-01 (Asqtad opt) mflops = 2.295889e+03
LLTIME(long): time =  6.424189e-03 (Naik) mflops = 1.150213e+03
LLTIME(Fat): time = 1.084201e-01 (Asqtad opt) mflops = 2.328393e+03
LLTIME(long): time =  6.527901e-03 (Naik) mflops = 1.131939e+03
CONGRAD5: time = 1.660865e+00 (fn F) masses = 1 iters = 531 mflops = 1.554429e+03
CONGRAD5: time = 1.644362e+00 (fn F) masses = 1 iters = 526 mflops = 1.555246e+03
GFTIME:   time = 2.786331e-01 (Symanzik1) mflops = 2.249210e+03
FFTIME:  time = 9.036291e-01 (asqtad3) terms = 2 mflops = 1.967105e+03
LLTIME(Fat): time = 1.094968e-01 (Asqtad opt) mflops = 2.305497e+03
LLTIME(long): time =  6.232023e-03 (Naik) mflops = 1.185680e+03
LLTIME(Fat): time = 1.109121e-01 (Asqtad opt) mflops = 2.276079e+03
LLTIME(long): time =  6.359100e-03 (Naik) mflops = 1.161986e+03
LLTIME(Fat): time = 1.089461e-01 (Asqtad opt) mflops = 2.317152e+03
LLTIME(long): time =  6.286144e-03 (Naik) mflops = 1.175472e+03
CONGRAD5: time = 1.629859e+00 (fn F) masses = 1 iters = 523 mflops = 1.560136e+03
CONGRAD5: time = 1.686666e+00 (fn F) masses = 1 iters = 542 mflops = 1.562359e+03
GFTIME:   time = 2.797010e-01 (Symanzik1) mflops = 2.240623e+03
FFTIME:  time = 9.035761e-01 (asqtad3) terms = 2 mflops = 1.967220e+03
LLTIME(Fat): time = 1.087921e-01 (Asqtad opt) mflops = 2.320433e+03
LLTIME(long): time =  6.394863e-03 (Naik) mflops = 1.155487e+03
LLTIME(Fat): time = 1.093550e-01 (Asqtad opt) mflops = 2.308488e+03
LLTIME(long): time =  6.443024e-03 (Naik) mflops = 1.146850e+03
LLTIME(Fat): time = 1.083481e-01 (Asqtad opt) mflops = 2.329940e+03
LLTIME(long): time =  6.299019e-03 (Naik) mflops = 1.173069e+03
CONGRAD5: time = 1.641433e+00 (fn F) masses = 1 iters = 525 mflops = 1.555059e+03
CONGRAD5: time = 1.679557e+00 (fn F) masses = 1 iters = 537 mflops = 1.554498e+03
GFTIME:   time = 2.786729e-01 (Symanzik1) mflops = 2.248889e+03
FFTIME:  time = 8.990529e-01 (asqtad3) terms = 2 mflops = 1.977117e+03
LLTIME(Fat): time = 1.095419e-01 (Asqtad opt) mflops = 2.304549e+03
LLTIME(long): time =  6.346941e-03 (Naik) mflops = 1.164212e+03
LLTIME(Fat): time = 1.084681e-01 (Asqtad opt) mflops = 2.327364e+03
LLTIME(long): time =  6.504059e-03 (Naik) mflops = 1.136088e+03
LLTIME(Fat): time = 1.093738e-01 (Asqtad opt) mflops = 2.308091e+03
LLTIME(long): time =  6.522894e-03 (Naik) mflops = 1.132808e+03
CONGRAD5: time = 1.763670e+00 (fn F) masses = 1 iters = 566 mflops = 1.560306e+03
CONGRAD5: time = 1.656522e+00 (fn F) masses = 1 iters = 531 mflops = 1.558504e+03
GFTIME:   time = 2.799799e-01 (Symanzik1) mflops = 2.238390e+03
FFTIME:  time = 8.996580e-01 (asqtad3) terms = 2 mflops = 1.975787e+03
LLTIME(Fat): time = 1.089430e-01 (Asqtad opt) mflops = 2.317218e+03
LLTIME(long): time =  6.191969e-03 (Naik) mflops = 1.193350e+03
LLTIME(Fat): time = 1.090760e-01 (Asqtad opt) mflops = 2.314392e+03
LLTIME(long): time =  6.582022e-03 (Naik) mflops = 1.122631e+03
LLTIME(Fat): time = 1.089001e-01 (Asqtad opt) mflops = 2.318131e+03
LLTIME(long): time =  6.391048e-03 (Naik) mflops = 1.156177e+03
CONGRAD5: time = 1.720016e+00 (fn F) masses = 1 iters = 552 mflops = 1.560333e+03
CONGRAD5: time = 1.705450e+00 (fn F) masses = 1 iters = 548 mflops = 1.562256e+03
GFTIME:   time = 2.818930e-01 (Symanzik1) mflops = 2.223199e+03
FFTIME:  time = 8.970270e-01 (asqtad3) terms = 2 mflops = 1.981582e+03
LLTIME(Fat): time = 1.089699e-01 (Asqtad opt) mflops = 2.316645e+03
LLTIME(long): time =  6.438017e-03 (Naik) mflops = 1.147742e+03
LLTIME(Fat): time = 1.101830e-01 (Asqtad opt) mflops = 2.291140e+03
LLTIME(long): time =  6.378889e-03 (Naik) mflops = 1.158381e+03
LLTIME(Fat): time = 1.087501e-01 (Asqtad opt) mflops = 2.321328e+03
LLTIME(long): time =  6.560087e-03 (Naik) mflops = 1.126385e+03
CONGRAD5: time = 1.756061e+00 (fn F) masses = 1 iters = 563 mflops = 1.558761e+03
CONGRAD5: time = 1.690090e+00 (fn F) masses = 1 iters = 540 mflops = 1.553440e+03
GFTIME:   time = 2.823179e-01 (Symanzik1) mflops = 2.219854e+03
FFTIME:  time = 8.984711e-01 (asqtad3) terms = 2 mflops = 1.978397e+03
LLTIME(Fat): time = 1.084318e-01 (Asqtad opt) mflops = 2.328142e+03
LLTIME(long): time =  6.778002e-03 (Naik) mflops = 1.090171e+03
LLTIME(Fat): time = 1.102159e-01 (Asqtad opt) mflops = 2.290456e+03
LLTIME(long): time =  6.264210e-03 (Naik) mflops = 1.179588e+03
LLTIME(Fat): time = 1.084480e-01 (Asqtad opt) mflops = 2.327794e+03
LLTIME(long): time =  6.321907e-03 (Naik) mflops = 1.168822e+03
CONGRAD5: time = 1.940383e+00 (fn F) masses = 1 iters = 566 mflops = 1.418207e+03
CONGRAD5: time = 1.737699e+00 (fn F) masses = 1 iters = 557 mflops = 1.558444e+03
GFTIME:   time = 2.812212e-01 (Symanzik1) mflops = 2.228511e+03
FFTIME:  time = 9.042208e-01 (asqtad3) terms = 2 mflops = 1.965817e+03
PLAQ:	1.459526	1.459952
P_LOOP:	-3.580349e-03	1.320617e-03
GACTION: 6.721849e+00
LLTIME(Fat): time = 1.121521e-01 (Asqtad opt) mflops = 2.250913e+03
LLTIME(long): time =  6.545067e-03 (Naik) mflops = 1.128970e+03
CONGRAD5: time = 1.673860e+00 (fn F) masses = 1 iters = 535 mflops = 1.553980e+03
CONGRAD5: time = 2.497082e-01 (fn F) masses = 1 iters = 79 mflops = 1.538172e+03
PBP: mass 1.000000e-02     3.555527e-02  4.012104e-02  -2.198295e-04  -2.456193e-04 ( 1 of 1 )
FACTION: mass = 1.000000e-02,  1.498516e+00 ( 1 of 1 )
CONGRAD5: time = 1.707721e+00 (fn F) masses = 1 iters = 547 mflops = 1.557332e+03
CONGRAD5: time = 2.377319e-01 (fn F) masses = 1 iters = 76 mflops = 1.554307e+03
PBP: mass 1.000000e-02     4.113068e-02  3.719904e-02  -1.687207e-03  -1.847106e-03 ( 1 of 1 )
FACTION: mass = 1.000000e-02,  1.499678e+00 ( 1 of 1 )
RUNNING COMPLETED
average cg iters for step= 1.017250e+03
total_iters = 66088
NERSC_TIME  311.735 secs


get_i(0): EOF on input.
exit: Fri Apr 15 18:48:46 2016

mpiP: 
mpiP: Storing mpiP output in [./su3_rmd.128.9161.1.mpiP].
mpiP: 
